Using pre-set license
Built from '2020.3/staging' branch; Version is '2020.3.10f1 (297d780c91bc) revision 2719096'; Using compiler version '192528614'; Build Type 'Release'
OS: 'Windows 10 Enterprise; OS build 18363.1621; Version 1909; 64bit' Language: 'ru' Physical Memory: 8084 MB
BatchMode: 1, IsHumanControllingUs: 0, StartBugReporterOnCrash: 0, Is64bit: 1, IsPro: 0

 COMMAND LINE ARGUMENTS:
C:\Program Files\Unity\Hub\Editor\2020.3.10f1\Editor\Unity.exe
-adb2
-batchMode
-noUpm
-name
AssetImportWorker0
-projectPath
D:/Igor/Unity/Battle of Tanks v2.0
-logFile
Logs/AssetImportWorker0.log
-srvPort
62391
Successfully changed project path to: D:/Igor/Unity/Battle of Tanks v2.0
D:/Igor/Unity/Battle of Tanks v2.0
Using Asset Import Pipeline V2.
Refreshing native plugins compatible for Editor in 114.70 ms, found 3 plugins.
Preloading 0 native plugins for Editor in 0.00 ms.
Initialize engine version: 2020.3.10f1 (297d780c91bc)
[Subsystems] Discovering subsystems at path C:/Program Files/Unity/Hub/Editor/2020.3.10f1/Editor/Data/Resources/UnitySubsystems
[Subsystems] Discovering subsystems at path D:/Igor/Unity/Battle of Tanks v2.0/Assets
GfxDevice: creating device client; threaded=0
Direct3D:
    Version:  Direct3D 11.0 [level 11.0]
    Renderer: Intel(R) HD Graphics 4000 (ID=0x166)
    Vendor:   
    VRAM:     128 MB
    Driver:   10.18.10.4358
Initialize mono
Mono path[0] = 'C:/Program Files/Unity/Hub/Editor/2020.3.10f1/Editor/Data/Managed'
Mono path[1] = 'C:/Program Files/Unity/Hub/Editor/2020.3.10f1/Editor/Data/MonoBleedingEdge/lib/mono/unityjit'
Mono config path = 'C:/Program Files/Unity/Hub/Editor/2020.3.10f1/Editor/Data/MonoBleedingEdge/etc'
Using monoOptions --debugger-agent=transport=dt_socket,embedding=1,server=y,suspend=n,address=127.0.0.1:56156
Begin MonoManager ReloadAssembly
Registering precompiled unity dll's ...
Register platform support module: C:/Program Files/Unity/Hub/Editor/2020.3.10f1/Editor/Data/PlaybackEngines/WebGLSupport/UnityEditor.WebGL.Extensions.dll
Register platform support module: C:/Program Files/Unity/Hub/Editor/2020.3.10f1/Editor/Data/PlaybackEngines/WindowsStandaloneSupport/UnityEditor.WindowsStandalone.Extensions.dll
Registered in 0.005059 seconds.
Native extension for WindowsStandalone target not found
Native extension for WebGL target not found
Refreshing native plugins compatible for Editor in 114.60 ms, found 3 plugins.
Preloading 0 native plugins for Editor in 0.00 ms.
Mono: successfully reloaded assembly
- Completed reload, in  4.004 seconds
Platform modules already initialized, skipping
Registering precompiled user dll's ...
Registered in 0.005990 seconds.
Begin MonoManager ReloadAssembly
Native extension for WindowsStandalone target not found
Native extension for WebGL target not found
Refreshing native plugins compatible for Editor in 114.35 ms, found 3 plugins.
Preloading 0 native plugins for Editor in 0.00 ms.
Mono: successfully reloaded assembly
- Completed reload, in  3.177 seconds
Platform modules already initialized, skipping
========================================================================
Worker process is ready to serve import requests
Launched and connected shader compiler UnityShaderCompiler.exe after 0.10 seconds
Refreshing native plugins compatible for Editor in 0.93 ms, found 3 plugins.
Preloading 0 native plugins for Editor in 0.00 ms.
Unloading 2079 Unused Serialized files (Serialized files now loaded: 0)
System memory in use before: 92.9 MB.
System memory in use after: 92.9 MB.

Unloading 33 unused Assets to reduce memory usage. Loaded Objects now: 2512.
Total: 5.019200 ms (FindLiveObjects: 0.360000 ms CreateObjectMapping: 0.115600 ms MarkObjects: 4.163100 ms  DeleteObjects: 0.377900 ms)

========================================================================
Received Import Request.
  path: Assets/Sprites
  artifactKey: Guid(7d1ae8b6d5a15cc4db54c61c90f2edac) Importer(815301076,1909f56bfc062723c751e8b465ee728b)
Start importing Assets/Sprites using Guid(7d1ae8b6d5a15cc4db54c61c90f2edac) Importer(815301076,1909f56bfc062723c751e8b465ee728b)  -> (artifact id: 'bafd8cfc13eae603ce454fd28dc6f143') in 0.017715 seconds
  Import took 0.025434 seconds .

========================================================================
Received Import Request.
  Time since last request: 116.289612 seconds.
  path: Assets/Ground.png
  artifactKey: Guid(51001cc970dd4ef469a7010d853d5e05) Importer(815301076,1909f56bfc062723c751e8b465ee728b)
Start importing Assets/Ground.png using Guid(51001cc970dd4ef469a7010d853d5e05) Importer(815301076,1909f56bfc062723c751e8b465ee728b)  -> (artifact id: 'f16b9d6a4f040f3899f9d1aba5b6d0f4') in 0.346990 seconds
  Import took 0.359857 seconds .

========================================================================
Received Import Request.
  Time since last request: 19.470506 seconds.
  path: Assets/Scripts
  artifactKey: Guid(0bc325283329e604ca094c23f89d5362) Importer(815301076,1909f56bfc062723c751e8b465ee728b)
Start importing Assets/Scripts using Guid(0bc325283329e604ca094c23f89d5362) Importer(815301076,1909f56bfc062723c751e8b465ee728b)  -> (artifact id: '06eced375b52e2400168bbf3b2065b6a') in 0.018854 seconds
  Import took 0.063555 seconds .

========================================================================
Received Import Request.
  Time since last request: 21.781969 seconds.
  path: Assets/Scenes
  artifactKey: Guid(70b7f284bc4163c46ae9498406e3f53e) Importer(815301076,1909f56bfc062723c751e8b465ee728b)
Start importing Assets/Scenes using Guid(70b7f284bc4163c46ae9498406e3f53e) Importer(815301076,1909f56bfc062723c751e8b465ee728b)  -> (artifact id: 'eff1a908ccedceb5d2e9df4f136f85de') in 0.014971 seconds
  Import took 0.052901 seconds .

========================================================================
Received Prepare
Registering precompiled user dll's ...
Registered in 0.261250 seconds.
Begin MonoManager ReloadAssembly
Native extension for WindowsStandalone target not found
Native extension for WebGL target not found
Refreshing native plugins compatible for Editor in 1.02 ms, found 3 plugins.
Preloading 0 native plugins for Editor in 0.00 ms.
Mono: successfully reloaded assembly
- Completed reload, in  8.175 seconds
Platform modules already initialized, skipping
Refreshing native plugins compatible for Editor in 1.13 ms, found 3 plugins.
Preloading 0 native plugins for Editor in 0.00 ms.
Unloading 2075 Unused Serialized files (Serialized files now loaded: 0)
System memory in use before: 95.8 MB.
System memory in use after: 95.8 MB.

Unloading 21 unused Assets to reduce memory usage. Loaded Objects now: 2523.
Total: 14.528000 ms (FindLiveObjects: 0.397700 ms CreateObjectMapping: 0.222800 ms MarkObjects: 13.678800 ms  DeleteObjects: 0.226300 ms)

========================================================================
Received Prepare
Registering precompiled user dll's ...
Registered in 0.004144 seconds.
Begin MonoManager ReloadAssembly
Native extension for WindowsStandalone target not found
Native extension for WebGL target not found
Refreshing native plugins compatible for Editor in 0.58 ms, found 3 plugins.
Preloading 0 native plugins for Editor in 0.00 ms.
Mono: successfully reloaded assembly
- Completed reload, in  1.899 seconds
Platform modules already initialized, skipping
Refreshing native plugins compatible for Editor in 0.95 ms, found 3 plugins.
Preloading 0 native plugins for Editor in 0.00 ms.
Unloading 2075 Unused Serialized files (Serialized files now loaded: 0)
System memory in use before: 95.9 MB.
System memory in use after: 95.8 MB.

Unloading 21 unused Assets to reduce memory usage. Loaded Objects now: 2527.
Total: 3.932000 ms (FindLiveObjects: 0.308700 ms CreateObjectMapping: 0.219800 ms MarkObjects: 3.189100 ms  DeleteObjects: 0.212400 ms)

========================================================================
Received Import Request.
  Time since last request: 193.252553 seconds.
  path: Assets/Sprites/Ground.prefab
  artifactKey: Guid(51adbbaed02ebb344b8067183a335660) Importer(815301076,1909f56bfc062723c751e8b465ee728b)
Start importing Assets/Sprites/Ground.prefab using Guid(51adbbaed02ebb344b8067183a335660) Importer(815301076,1909f56bfc062723c751e8b465ee728b)  -> (artifact id: '2a0b44bfb9b6a9be7d2f204b490a2403') in 0.149371 seconds
  Import took 0.171848 seconds .

========================================================================
Received Prepare
Registering precompiled user dll's ...
Registered in 0.005069 seconds.
Begin MonoManager ReloadAssembly
Native extension for WindowsStandalone target not found
Native extension for WebGL target not found
Refreshing native plugins compatible for Editor in 0.87 ms, found 3 plugins.
Preloading 0 native plugins for Editor in 0.00 ms.
Mono: successfully reloaded assembly
- Completed reload, in  2.075 seconds
Platform modules already initialized, skipping
Refreshing native plugins compatible for Editor in 1.83 ms, found 3 plugins.
Preloading 0 native plugins for Editor in 0.00 ms.
Unloading 2075 Unused Serialized files (Serialized files now loaded: 0)
System memory in use before: 95.9 MB.
System memory in use after: 95.9 MB.

Unloading 21 unused Assets to reduce memory usage. Loaded Objects now: 2535.
Total: 5.638800 ms (FindLiveObjects: 0.308000 ms CreateObjectMapping: 0.232500 ms MarkObjects: 4.810100 ms  DeleteObjects: 0.285500 ms)

========================================================================
Received Import Request.
  Time since last request: 3254.623380 seconds.
  path: Assets/Sprites/New Palette.prefab
  artifactKey: Guid(2ddb9b1c98a602742b13a9fe7c04844a) Importer(815301076,1909f56bfc062723c751e8b465ee728b)
Start importing Assets/Sprites/New Palette.prefab using Guid(2ddb9b1c98a602742b13a9fe7c04844a) Importer(815301076,1909f56bfc062723c751e8b465ee728b)  -> (artifact id: '783d63251cf5c00548f77a3ce2a7e4c2') in 0.235358 seconds
  Import took 0.272123 seconds .

========================================================================
Received Import Request.
  Time since last request: 5.581616 seconds.
  path: Assets/Sprites/Ground.asset
  artifactKey: Guid(5478724771b5dce4a906d2e492ea51a8) Importer(815301076,1909f56bfc062723c751e8b465ee728b)
Start importing Assets/Sprites/Ground.asset using Guid(5478724771b5dce4a906d2e492ea51a8) Importer(815301076,1909f56bfc062723c751e8b465ee728b)  -> (artifact id: '515317c543cc5ff79e6f6787619c11fd') in 0.239270 seconds
  Import took 0.286722 seconds .

========================================================================
Received Import Request.
  Time since last request: 0.000391 seconds.
  path: Assets/Sprites/New Palette.prefab
  artifactKey: Guid(2ddb9b1c98a602742b13a9fe7c04844a) Importer(815301076,1909f56bfc062723c751e8b465ee728b)
Start importing Assets/Sprites/New Palette.prefab using Guid(2ddb9b1c98a602742b13a9fe7c04844a) Importer(815301076,1909f56bfc062723c751e8b465ee728b)  -> (artifact id: 'c901a5b8d9defd25260325feace003b8') in 0.016584 seconds
  Import took 0.032406 seconds .

========================================================================
Received Prepare
Registering precompiled user dll's ...
Registered in 0.048299 seconds.
Begin MonoManager ReloadAssembly
Native extension for WindowsStandalone target not found
Native extension for WebGL target not found
Refreshing native plugins compatible for Editor in 0.65 ms, found 3 plugins.
Preloading 0 native plugins for Editor in 0.00 ms.
Mono: successfully reloaded assembly
- Completed reload, in  2.146 seconds
Platform modules already initialized, skipping
Refreshing native plugins compatible for Editor in 1.07 ms, found 3 plugins.
Preloading 0 native plugins for Editor in 0.00 ms.
Unloading 2075 Unused Serialized files (Serialized files now loaded: 0)
System memory in use before: 96.0 MB.
System memory in use after: 96.0 MB.

Unloading 21 unused Assets to reduce memory usage. Loaded Objects now: 2541.
Total: 3.016700 ms (FindLiveObjects: 0.225900 ms CreateObjectMapping: 0.102900 ms MarkObjects: 2.522900 ms  DeleteObjects: 0.163300 ms)

========================================================================
Received Prepare
Registering precompiled user dll's ...
Registered in 0.005284 seconds.
Begin MonoManager ReloadAssembly
Native extension for WindowsStandalone target not found
Native extension for WebGL target not found
Refreshing native plugins compatible for Editor in 0.68 ms, found 3 plugins.
Preloading 0 native plugins for Editor in 0.00 ms.
Mono: successfully reloaded assembly
- Completed reload, in  2.245 seconds
Platform modules already initialized, skipping
Refreshing native plugins compatible for Editor in 0.96 ms, found 3 plugins.
Preloading 0 native plugins for Editor in 0.00 ms.
Unloading 2075 Unused Serialized files (Serialized files now loaded: 0)
System memory in use before: 96.0 MB.
System memory in use after: 95.9 MB.

Unloading 21 unused Assets to reduce memory usage. Loaded Objects now: 2545.
Total: 3.513200 ms (FindLiveObjects: 0.349700 ms CreateObjectMapping: 0.153000 ms MarkObjects: 2.828600 ms  DeleteObjects: 0.179700 ms)

========================================================================
Received Prepare
Registering precompiled user dll's ...
Registered in 0.004999 seconds.
Begin MonoManager ReloadAssembly
Native extension for WindowsStandalone target not found
Native extension for WebGL target not found
Refreshing native plugins compatible for Editor in 0.82 ms, found 3 plugins.
Preloading 0 native plugins for Editor in 0.00 ms.
Mono: successfully reloaded assembly
- Completed reload, in  1.895 seconds
Platform modules already initialized, skipping
Refreshing native plugins compatible for Editor in 1.10 ms, found 3 plugins.
Preloading 0 native plugins for Editor in 0.00 ms.
Unloading 2075 Unused Serialized files (Serialized files now loaded: 0)
System memory in use before: 96.0 MB.
System memory in use after: 95.9 MB.

Unloading 21 unused Assets to reduce memory usage. Loaded Objects now: 2549.
Total: 2.990300 ms (FindLiveObjects: 0.239500 ms CreateObjectMapping: 0.107500 ms MarkObjects: 2.471200 ms  DeleteObjects: 0.170200 ms)

========================================================================
Received Import Request.
  Time since last request: 744.607111 seconds.
  path: Assets/Resources/MapPalette.prefab
  artifactKey: Guid(ee0f3e14fa26a304c8b807d7ab529319) Importer(815301076,1909f56bfc062723c751e8b465ee728b)
Start importing Assets/Resources/MapPalette.prefab using Guid(ee0f3e14fa26a304c8b807d7ab529319) Importer(815301076,1909f56bfc062723c751e8b465ee728b)  -> (artifact id: 'bdde0c1720fca002f0d42656c7195da3') in 0.048354 seconds
  Import took 0.054017 seconds .

========================================================================
Received Import Request.
  Time since last request: 39.156497 seconds.
  path: Assets/Resources/MapPalette.prefab
  artifactKey: Guid(ee0f3e14fa26a304c8b807d7ab529319) Importer(815301076,1909f56bfc062723c751e8b465ee728b)
Start importing Assets/Resources/MapPalette.prefab using Guid(ee0f3e14fa26a304c8b807d7ab529319) Importer(815301076,1909f56bfc062723c751e8b465ee728b)  -> (artifact id: '2ca9920ea546d1c62c2bbf40ecaca622') in 0.006465 seconds
  Import took 0.029420 seconds .

========================================================================
Received Import Request.
  Time since last request: 10.006872 seconds.
  path: Assets/Resources/Tile
  artifactKey: Guid(82d805cfe3d89b34a8a1d5010726c7d4) Importer(815301076,1909f56bfc062723c751e8b465ee728b)
Start importing Assets/Resources/Tile using Guid(82d805cfe3d89b34a8a1d5010726c7d4) Importer(815301076,1909f56bfc062723c751e8b465ee728b)  -> (artifact id: 'f77d10e8a59bd39b272a00721b5cd5d5') in 0.011632 seconds
  Import took 0.048356 seconds .

========================================================================
Received Prepare
Registering precompiled user dll's ...
Registered in 0.008776 seconds.
Begin MonoManager ReloadAssembly
Native extension for WindowsStandalone target not found
Native extension for WebGL target not found
Refreshing native plugins compatible for Editor in 0.66 ms, found 3 plugins.
Preloading 0 native plugins for Editor in 0.00 ms.
Mono: successfully reloaded assembly
- Completed reload, in  2.653 seconds
Platform modules already initialized, skipping
Refreshing native plugins compatible for Editor in 1.02 ms, found 3 plugins.
Preloading 0 native plugins for Editor in 0.00 ms.
Unloading 2075 Unused Serialized files (Serialized files now loaded: 0)
System memory in use before: 96.0 MB.
System memory in use after: 96.0 MB.

Unloading 21 unused Assets to reduce memory usage. Loaded Objects now: 2553.
Total: 3.133800 ms (FindLiveObjects: 0.229400 ms CreateObjectMapping: 0.106200 ms MarkObjects: 2.621400 ms  DeleteObjects: 0.174900 ms)

========================================================================
Received Import Request.
  Time since last request: 64.690769 seconds.
  path: Assets/Resources/Sprites/Ground.asset
  artifactKey: Guid(0ab0ca25ed7bcb44eb34a28a75a04b9a) Importer(815301076,1909f56bfc062723c751e8b465ee728b)
Start importing Assets/Resources/Sprites/Ground.asset using Guid(0ab0ca25ed7bcb44eb34a28a75a04b9a) Importer(815301076,1909f56bfc062723c751e8b465ee728b)  -> (artifact id: '3a3e6b908a9ba27f50efe0034e7290da') in 0.124613 seconds
  Import took 0.132331 seconds .

========================================================================
Received Import Request.
  Time since last request: 201.180510 seconds.
  path: Assets/Resources/Sprites/Ground.png
  artifactKey: Guid(51001cc970dd4ef469a7010d853d5e05) Importer(815301076,1909f56bfc062723c751e8b465ee728b)
Start importing Assets/Resources/Sprites/Ground.png using Guid(51001cc970dd4ef469a7010d853d5e05) Importer(815301076,1909f56bfc062723c751e8b465ee728b)  -> (artifact id: 'b3c734f784dc1cfd1230b6d71f751469') in 0.216313 seconds
  Import took 0.226338 seconds .

========================================================================
Received Import Request.
  Time since last request: 370.465068 seconds.
  path: Assets/Resources/Sprites/Ground.png
  artifactKey: Guid(51001cc970dd4ef469a7010d853d5e05) Importer(815301076,1909f56bfc062723c751e8b465ee728b)
Start importing Assets/Resources/Sprites/Ground.png using Guid(51001cc970dd4ef469a7010d853d5e05) Importer(815301076,1909f56bfc062723c751e8b465ee728b)  -> (artifact id: '6626de7e510e9246eb1a7b514236a3e1') in 0.037737 seconds
  Import took 0.056282 seconds .

========================================================================
Received Import Request.
  Time since last request: 7.712643 seconds.
  path: Assets/Resources/Sprites/Ground.png
  artifactKey: Guid(51001cc970dd4ef469a7010d853d5e05) Importer(815301076,1909f56bfc062723c751e8b465ee728b)
Start importing Assets/Resources/Sprites/Ground.png using Guid(51001cc970dd4ef469a7010d853d5e05) Importer(815301076,1909f56bfc062723c751e8b465ee728b)  -> (artifact id: '2519c0ac79b2fb555f6381d5ab40eb61') in 0.031369 seconds
  Import took 0.039291 seconds .

========================================================================
Received Import Request.
  Time since last request: 26.299673 seconds.
  path: Assets/Resources/MapPalette.prefab
  artifactKey: Guid(ee0f3e14fa26a304c8b807d7ab529319) Importer(815301076,1909f56bfc062723c751e8b465ee728b)
Start importing Assets/Resources/MapPalette.prefab using Guid(ee0f3e14fa26a304c8b807d7ab529319) Importer(815301076,1909f56bfc062723c751e8b465ee728b)  -> (artifact id: '35f18d7d9fc6a4d98408b518fcfe6e69') in 0.035646 seconds
  Import took 0.047211 seconds .

========================================================================
Received Prepare
Registering precompiled user dll's ...
Registered in 0.062508 seconds.
Begin MonoManager ReloadAssembly
Native extension for WindowsStandalone target not found
Native extension for WebGL target not found
Refreshing native plugins compatible for Editor in 0.73 ms, found 3 plugins.
Preloading 0 native plugins for Editor in 0.00 ms.
Mono: successfully reloaded assembly
- Completed reload, in  5.046 seconds
Platform modules already initialized, skipping
Refreshing native plugins compatible for Editor in 2.17 ms, found 3 plugins.
Preloading 0 native plugins for Editor in 0.00 ms.
Unloading 2075 Unused Serialized files (Serialized files now loaded: 0)
System memory in use before: 96.0 MB.
System memory in use after: 96.0 MB.

Unloading 21 unused Assets to reduce memory usage. Loaded Objects now: 2559.
Total: 38.492300 ms (FindLiveObjects: 0.472900 ms CreateObjectMapping: 4.719600 ms MarkObjects: 33.001900 ms  DeleteObjects: 0.294700 ms)

========================================================================
Received Import Request.
  Time since last request: 61.401340 seconds.
  path: Assets/Resources/Sprites/Stone Horizontal.png
  artifactKey: Guid(be9c3db41dd3b9c46bf961e6e5567741) Importer(815301076,1909f56bfc062723c751e8b465ee728b)
Start importing Assets/Resources/Sprites/Stone Horizontal.png using Guid(be9c3db41dd3b9c46bf961e6e5567741) Importer(815301076,1909f56bfc062723c751e8b465ee728b)  -> (artifact id: '4fc46a2a30972c801d30de5097133813') in 0.105172 seconds
  Import took 0.111900 seconds .

========================================================================
Received Import Request.
  Time since last request: 2.193446 seconds.
  path: Assets/Resources/Sprites/Stone Vertical.png
  artifactKey: Guid(b86d334a439c1dd4f941e00c77e6532a) Importer(815301076,1909f56bfc062723c751e8b465ee728b)
Start importing Assets/Resources/Sprites/Stone Vertical.png using Guid(b86d334a439c1dd4f941e00c77e6532a) Importer(815301076,1909f56bfc062723c751e8b465ee728b)  -> (artifact id: 'fec2274ac0554e0bd8afa8c9d8807b8b') in 0.033759 seconds
  Import took 0.042824 seconds .

========================================================================
Received Import Request.
  Time since last request: 47.613313 seconds.
  path: Assets/Resources/Sprites/Stone Horizontal.png
  artifactKey: Guid(be9c3db41dd3b9c46bf961e6e5567741) Importer(815301076,1909f56bfc062723c751e8b465ee728b)
Start importing Assets/Resources/Sprites/Stone Horizontal.png using Guid(be9c3db41dd3b9c46bf961e6e5567741) Importer(815301076,1909f56bfc062723c751e8b465ee728b)  -> (artifact id: '226a23a77e873e7a7cf2369817924818') in 0.025819 seconds
  Import took 0.048258 seconds .

========================================================================
Received Import Request.
  Time since last request: 5.521143 seconds.
  path: Assets/Resources/Sprites/Stone Vertical.png
  artifactKey: Guid(b86d334a439c1dd4f941e00c77e6532a) Importer(815301076,1909f56bfc062723c751e8b465ee728b)
Start importing Assets/Resources/Sprites/Stone Vertical.png using Guid(b86d334a439c1dd4f941e00c77e6532a) Importer(815301076,1909f56bfc062723c751e8b465ee728b)  -> (artifact id: 'cdfec2144f534ad6506eec6cc4a6805a') in 0.030190 seconds
  Import took 0.040502 seconds .

========================================================================
Received Import Request.
  Time since last request: 80.077901 seconds.
  path: Assets/Resources/Tile/StoneHorizontal.asset
  artifactKey: Guid(b2d48152b4963424f80b34011b844f76) Importer(815301076,1909f56bfc062723c751e8b465ee728b)
Start importing Assets/Resources/Tile/StoneHorizontal.asset using Guid(b2d48152b4963424f80b34011b844f76) Importer(815301076,1909f56bfc062723c751e8b465ee728b)  -> (artifact id: '3be157570047d2561a0b23cc8c47f701') in 0.032113 seconds
  Import took 0.062911 seconds .

========================================================================
Received Import Request.
  Time since last request: 0.000255 seconds.
  path: Assets/Resources/Tile/StoneVertical.asset
  artifactKey: Guid(98f29936ea64a7c4f9e3788e0d01fb21) Importer(815301076,1909f56bfc062723c751e8b465ee728b)
Start importing Assets/Resources/Tile/StoneVertical.asset using Guid(98f29936ea64a7c4f9e3788e0d01fb21) Importer(815301076,1909f56bfc062723c751e8b465ee728b)  -> (artifact id: '5bafa1806f828e2e140b9bbd6d6f896f') in 0.036124 seconds
  Import took 0.041752 seconds .

========================================================================
Received Prepare
Registering precompiled user dll's ...
Registered in 0.013051 seconds.
Begin MonoManager ReloadAssembly
Native extension for WindowsStandalone target not found
Native extension for WebGL target not found
Refreshing native plugins compatible for Editor in 0.63 ms, found 3 plugins.
Preloading 0 native plugins for Editor in 0.00 ms.
Mono: successfully reloaded assembly
- Completed reload, in  1.998 seconds
Platform modules already initialized, skipping
Refreshing native plugins compatible for Editor in 3.81 ms, found 3 plugins.
Preloading 0 native plugins for Editor in 0.00 ms.
Unloading 2075 Unused Serialized files (Serialized files now loaded: 0)
System memory in use before: 96.0 MB.
System memory in use after: 96.0 MB.

Unloading 21 unused Assets to reduce memory usage. Loaded Objects now: 2565.
Total: 4.900700 ms (FindLiveObjects: 0.431600 ms CreateObjectMapping: 0.158100 ms MarkObjects: 4.051700 ms  DeleteObjects: 0.256600 ms)

========================================================================
Received Prepare
Registering precompiled user dll's ...
Registered in 0.007804 seconds.
Begin MonoManager ReloadAssembly
Native extension for WindowsStandalone target not found
Native extension for WebGL target not found
Refreshing native plugins compatible for Editor in 0.69 ms, found 3 plugins.
Preloading 0 native plugins for Editor in 0.00 ms.
Mono: successfully reloaded assembly
- Completed reload, in  2.983 seconds
Platform modules already initialized, skipping
Refreshing native plugins compatible for Editor in 0.99 ms, found 3 plugins.
Preloading 0 native plugins for Editor in 0.00 ms.
Unloading 2075 Unused Serialized files (Serialized files now loaded: 0)
System memory in use before: 96.0 MB.
System memory in use after: 96.0 MB.

Unloading 21 unused Assets to reduce memory usage. Loaded Objects now: 2569.
Total: 3.628900 ms (FindLiveObjects: 0.625300 ms CreateObjectMapping: 0.169900 ms MarkObjects: 2.655400 ms  DeleteObjects: 0.176100 ms)

========================================================================
Received Prepare
Registering precompiled user dll's ...
Registered in 0.010422 seconds.
Begin MonoManager ReloadAssembly
Native extension for WindowsStandalone target not found
Native extension for WebGL target not found
Refreshing native plugins compatible for Editor in 0.74 ms, found 3 plugins.
Preloading 0 native plugins for Editor in 0.00 ms.
Mono: successfully reloaded assembly
- Completed reload, in  5.453 seconds
Platform modules already initialized, skipping
Refreshing native plugins compatible for Editor in 1.41 ms, found 3 plugins.
Preloading 0 native plugins for Editor in 0.00 ms.
Unloading 2075 Unused Serialized files (Serialized files now loaded: 0)
System memory in use before: 96.0 MB.
System memory in use after: 96.0 MB.

Unloading 21 unused Assets to reduce memory usage. Loaded Objects now: 2573.
Total: 6.019100 ms (FindLiveObjects: 0.309800 ms CreateObjectMapping: 0.124000 ms MarkObjects: 5.324700 ms  DeleteObjects: 0.257100 ms)

========================================================================
Received Prepare
Registering precompiled user dll's ...
Registered in 0.004193 seconds.
Begin MonoManager ReloadAssembly
Native extension for WindowsStandalone target not found
Native extension for WebGL target not found
Refreshing native plugins compatible for Editor in 0.62 ms, found 3 plugins.
Preloading 0 native plugins for Editor in 0.00 ms.
Mono: successfully reloaded assembly
- Completed reload, in  1.820 seconds
Platform modules already initialized, skipping
Refreshing native plugins compatible for Editor in 0.97 ms, found 3 plugins.
Preloading 0 native plugins for Editor in 0.00 ms.
Unloading 2075 Unused Serialized files (Serialized files now loaded: 0)
System memory in use before: 96.0 MB.
System memory in use after: 96.0 MB.

Unloading 21 unused Assets to reduce memory usage. Loaded Objects now: 2577.
Total: 2.958400 ms (FindLiveObjects: 0.239700 ms CreateObjectMapping: 0.100100 ms MarkObjects: 2.445100 ms  DeleteObjects: 0.171800 ms)

========================================================================
Received Prepare
Registering precompiled user dll's ...
Registered in 0.010278 seconds.
Begin MonoManager ReloadAssembly
Native extension for WindowsStandalone target not found
Native extension for WebGL target not found
Refreshing native plugins compatible for Editor in 1.05 ms, found 3 plugins.
Preloading 0 native plugins for Editor in 0.00 ms.
Mono: successfully reloaded assembly
- Completed reload, in  5.072 seconds
Platform modules already initialized, skipping
Refreshing native plugins compatible for Editor in 1.15 ms, found 3 plugins.
Preloading 0 native plugins for Editor in 0.00 ms.
Unloading 2075 Unused Serialized files (Serialized files now loaded: 0)
System memory in use before: 96.0 MB.
System memory in use after: 96.0 MB.

Unloading 21 unused Assets to reduce memory usage. Loaded Objects now: 2581.
Total: 5.227900 ms (FindLiveObjects: 0.573900 ms CreateObjectMapping: 0.237800 ms MarkObjects: 4.169200 ms  DeleteObjects: 0.244500 ms)

========================================================================
Received Prepare
Registering precompiled user dll's ...
Registered in 0.031439 seconds.
Begin MonoManager ReloadAssembly
Native extension for WindowsStandalone target not found
Native extension for WebGL target not found
Refreshing native plugins compatible for Editor in 0.62 ms, found 3 plugins.
Preloading 0 native plugins for Editor in 0.00 ms.
Mono: successfully reloaded assembly
- Completed reload, in  1.563 seconds
Platform modules already initialized, skipping
Refreshing native plugins compatible for Editor in 2.02 ms, found 3 plugins.
Preloading 0 native plugins for Editor in 0.00 ms.
Unloading 2075 Unused Serialized files (Serialized files now loaded: 0)
System memory in use before: 96.1 MB.
System memory in use after: 96.0 MB.

Unloading 21 unused Assets to reduce memory usage. Loaded Objects now: 2585.
Total: 3.027100 ms (FindLiveObjects: 0.232200 ms CreateObjectMapping: 0.099800 ms MarkObjects: 2.513900 ms  DeleteObjects: 0.179600 ms)

========================================================================
Received Prepare
Registering precompiled user dll's ...
Registered in 0.004521 seconds.
Begin MonoManager ReloadAssembly
Native extension for WindowsStandalone target not found
Native extension for WebGL target not found
Refreshing native plugins compatible for Editor in 0.99 ms, found 3 plugins.
Preloading 0 native plugins for Editor in 0.00 ms.
Mono: successfully reloaded assembly
- Completed reload, in  1.914 seconds
Platform modules already initialized, skipping
Refreshing native plugins compatible for Editor in 1.04 ms, found 3 plugins.
Preloading 0 native plugins for Editor in 0.00 ms.
Unloading 2075 Unused Serialized files (Serialized files now loaded: 0)
System memory in use before: 96.1 MB.
System memory in use after: 96.0 MB.

Unloading 21 unused Assets to reduce memory usage. Loaded Objects now: 2589.
Total: 5.063600 ms (FindLiveObjects: 0.417900 ms CreateObjectMapping: 0.165400 ms MarkObjects: 4.177300 ms  DeleteObjects: 0.300500 ms)

========================================================================
Received Prepare
Registering precompiled user dll's ...
Registered in 0.003989 seconds.
Begin MonoManager ReloadAssembly
Native extension for WindowsStandalone target not found
Native extension for WebGL target not found
Refreshing native plugins compatible for Editor in 0.96 ms, found 3 plugins.
Preloading 0 native plugins for Editor in 0.00 ms.
Mono: successfully reloaded assembly
- Completed reload, in  1.565 seconds
Platform modules already initialized, skipping
Refreshing native plugins compatible for Editor in 0.99 ms, found 3 plugins.
Preloading 0 native plugins for Editor in 0.00 ms.
Unloading 2075 Unused Serialized files (Serialized files now loaded: 0)
System memory in use before: 96.1 MB.
System memory in use after: 96.1 MB.

Unloading 21 unused Assets to reduce memory usage. Loaded Objects now: 2593.
Total: 3.655400 ms (FindLiveObjects: 0.302500 ms CreateObjectMapping: 0.207500 ms MarkObjects: 2.963500 ms  DeleteObjects: 0.180100 ms)

========================================================================
Received Prepare
Registering precompiled user dll's ...
Registered in 0.007885 seconds.
Begin MonoManager ReloadAssembly
Native extension for WindowsStandalone target not found
Native extension for WebGL target not found
Refreshing native plugins compatible for Editor in 0.58 ms, found 3 plugins.
Preloading 0 native plugins for Editor in 0.00 ms.
Mono: successfully reloaded assembly
- Completed reload, in  1.608 seconds
Platform modules already initialized, skipping
Refreshing native plugins compatible for Editor in 4.05 ms, found 3 plugins.
Preloading 0 native plugins for Editor in 0.00 ms.
Unloading 2075 Unused Serialized files (Serialized files now loaded: 0)
System memory in use before: 96.1 MB.
System memory in use after: 96.1 MB.

Unloading 21 unused Assets to reduce memory usage. Loaded Objects now: 2597.
Total: 3.431100 ms (FindLiveObjects: 0.313400 ms CreateObjectMapping: 0.225300 ms MarkObjects: 2.716400 ms  DeleteObjects: 0.174200 ms)

========================================================================
Received Prepare
Registering precompiled user dll's ...
Registered in 0.005060 seconds.
Begin MonoManager ReloadAssembly
Native extension for WindowsStandalone target not found
Native extension for WebGL target not found
Refreshing native plugins compatible for Editor in 0.71 ms, found 3 plugins.
Preloading 0 native plugins for Editor in 0.00 ms.
Mono: successfully reloaded assembly
- Completed reload, in  2.409 seconds
Platform modules already initialized, skipping
Refreshing native plugins compatible for Editor in 1.07 ms, found 3 plugins.
Preloading 0 native plugins for Editor in 0.00 ms.
Unloading 2075 Unused Serialized files (Serialized files now loaded: 0)
System memory in use before: 96.1 MB.
System memory in use after: 96.1 MB.

Unloading 21 unused Assets to reduce memory usage. Loaded Objects now: 2601.
Total: 6.547200 ms (FindLiveObjects: 0.300500 ms CreateObjectMapping: 0.254700 ms MarkObjects: 5.676200 ms  DeleteObjects: 0.313700 ms)

========================================================================
Received Import Request.
  Time since last request: 1902.319846 seconds.
  path: Packages/com.unity.2d.tilemap/Editor/Unity.2D.Tilemap.Editor.asmdef
  artifactKey: Guid(3a9781db4804a9945b9883f3a7c46d45) Importer(815301076,1909f56bfc062723c751e8b465ee728b)
Start importing Packages/com.unity.2d.tilemap/Editor/Unity.2D.Tilemap.Editor.asmdef using Guid(3a9781db4804a9945b9883f3a7c46d45) Importer(815301076,1909f56bfc062723c751e8b465ee728b)  -> (artifact id: '86df9f85098986b5c3bc9f164a1f4748') in 0.051342 seconds
  Import took 0.090456 seconds .

========================================================================
Received Import Request.
  Time since last request: 0.008863 seconds.
  path: Packages/com.unity.2d.tilemap/Editor/Unity.2D.Tilemap.Editor.asmdef
  artifactKey: Guid(3a9781db4804a9945b9883f3a7c46d45) Importer(815301076,1909f56bfc062723c751e8b465ee728b)
Start importing Packages/com.unity.2d.tilemap/Editor/Unity.2D.Tilemap.Editor.asmdef using Guid(3a9781db4804a9945b9883f3a7c46d45) Importer(815301076,1909f56bfc062723c751e8b465ee728b)  -> (artifact id: '86df9f85098986b5c3bc9f164a1f4748') in 0.004478 seconds
  Import took 0.010879 seconds .

========================================================================
Received Import Request.
  Time since last request: 112.734156 seconds.
  path: Assets/Resources/MapPalette.prefab
  artifactKey: Guid(ee0f3e14fa26a304c8b807d7ab529319) Importer(815301076,1909f56bfc062723c751e8b465ee728b)
Start importing Assets/Resources/MapPalette.prefab using Guid(ee0f3e14fa26a304c8b807d7ab529319) Importer(815301076,1909f56bfc062723c751e8b465ee728b)  -> (artifact id: '41f1d51dd43f982ef6f8d79d3da2f049') in 0.066772 seconds
  Import took 0.092849 seconds .

========================================================================
Received Prepare
Registering precompiled user dll's ...
Registered in 0.010103 seconds.
Begin MonoManager ReloadAssembly
Native extension for WindowsStandalone target not found
Native extension for WebGL target not found
Refreshing native plugins compatible for Editor in 0.66 ms, found 3 plugins.
Preloading 0 native plugins for Editor in 0.00 ms.
Mono: successfully reloaded assembly
- Completed reload, in  1.801 seconds
Platform modules already initialized, skipping
Refreshing native plugins compatible for Editor in 1.01 ms, found 3 plugins.
Preloading 0 native plugins for Editor in 0.00 ms.
Unloading 2075 Unused Serialized files (Serialized files now loaded: 0)
System memory in use before: 96.1 MB.
System memory in use after: 96.1 MB.

Unloading 21 unused Assets to reduce memory usage. Loaded Objects now: 2605.
Total: 3.110700 ms (FindLiveObjects: 0.234300 ms CreateObjectMapping: 0.100100 ms MarkObjects: 2.469700 ms  DeleteObjects: 0.304500 ms)

========================================================================
Received Prepare
Registering precompiled user dll's ...
Registered in 4.447188 seconds.
Begin MonoManager ReloadAssembly
Native extension for WindowsStandalone target not found
Native extension for WebGL target not found
Refreshing native plugins compatible for Editor in 0.63 ms, found 3 plugins.
Preloading 0 native plugins for Editor in 0.00 ms.
Mono: successfully reloaded assembly
- Completed reload, in  2.151 seconds
Platform modules already initialized, skipping
Refreshing native plugins compatible for Editor in 0.98 ms, found 3 plugins.
Preloading 0 native plugins for Editor in 0.00 ms.
Unloading 2075 Unused Serialized files (Serialized files now loaded: 0)
System memory in use before: 96.1 MB.
System memory in use after: 96.1 MB.

Unloading 21 unused Assets to reduce memory usage. Loaded Objects now: 2609.
Total: 3.615800 ms (FindLiveObjects: 0.309300 ms CreateObjectMapping: 0.159100 ms MarkObjects: 2.960000 ms  DeleteObjects: 0.185400 ms)

========================================================================
Received Prepare
Registering precompiled user dll's ...
Registered in 0.004372 seconds.
Begin MonoManager ReloadAssembly
Native extension for WindowsStandalone target not found
Native extension for WebGL target not found
Refreshing native plugins compatible for Editor in 0.60 ms, found 3 plugins.
Preloading 0 native plugins for Editor in 0.00 ms.
Mono: successfully reloaded assembly
- Completed reload, in  2.196 seconds
Platform modules already initialized, skipping
Refreshing native plugins compatible for Editor in 1.11 ms, found 3 plugins.
Preloading 0 native plugins for Editor in 0.00 ms.
Unloading 2075 Unused Serialized files (Serialized files now loaded: 0)
System memory in use before: 96.1 MB.
System memory in use after: 96.1 MB.

Unloading 21 unused Assets to reduce memory usage. Loaded Objects now: 2613.
Total: 3.753500 ms (FindLiveObjects: 0.323200 ms CreateObjectMapping: 0.234800 ms MarkObjects: 3.008900 ms  DeleteObjects: 0.184300 ms)

========================================================================
Received Prepare
Registering precompiled user dll's ...
Registered in 0.004605 seconds.
Begin MonoManager ReloadAssembly
Native extension for WindowsStandalone target not found
Native extension for WebGL target not found
Refreshing native plugins compatible for Editor in 0.63 ms, found 3 plugins.
Preloading 0 native plugins for Editor in 0.00 ms.
Mono: successfully reloaded assembly
- Completed reload, in  1.862 seconds
Platform modules already initialized, skipping
Refreshing native plugins compatible for Editor in 12.90 ms, found 3 plugins.
Preloading 0 native plugins for Editor in 0.00 ms.
Unloading 2075 Unused Serialized files (Serialized files now loaded: 0)
System memory in use before: 96.1 MB.
System memory in use after: 96.1 MB.

Unloading 21 unused Assets to reduce memory usage. Loaded Objects now: 2617.
Total: 5.335900 ms (FindLiveObjects: 0.296500 ms CreateObjectMapping: 0.122400 ms MarkObjects: 4.702700 ms  DeleteObjects: 0.211700 ms)

========================================================================
Received Import Request.
  Time since last request: 5186.248607 seconds.
  path: ProjectSettings/TagManager.asset
  artifactKey: Guid(00000000000000003000000000000000) Importer(815301076,1909f56bfc062723c751e8b465ee728b)
Start importing ProjectSettings/TagManager.asset using Guid(00000000000000003000000000000000) Importer(815301076,1909f56bfc062723c751e8b465ee728b)  -> (artifact id: '95df672b4aaba54310d34c83eef51bb8') in 0.048487 seconds
  Import took 0.070168 seconds .

========================================================================
Received Prepare
Registering precompiled user dll's ...
Registered in 0.007299 seconds.
Begin MonoManager ReloadAssembly
Native extension for WindowsStandalone target not found
Native extension for WebGL target not found
Refreshing native plugins compatible for Editor in 0.75 ms, found 3 plugins.
Preloading 0 native plugins for Editor in 0.00 ms.
Mono: successfully reloaded assembly
- Completed reload, in  1.942 seconds
Platform modules already initialized, skipping
Refreshing native plugins compatible for Editor in 1.31 ms, found 3 plugins.
Preloading 0 native plugins for Editor in 0.00 ms.
Unloading 2075 Unused Serialized files (Serialized files now loaded: 0)
System memory in use before: 96.2 MB.
System memory in use after: 96.1 MB.

Unloading 22 unused Assets to reduce memory usage. Loaded Objects now: 2621.
Total: 25.646300 ms (FindLiveObjects: 0.232700 ms CreateObjectMapping: 0.099900 ms MarkObjects: 2.457500 ms  DeleteObjects: 22.853900 ms)

========================================================================
Received Import Request.
  Time since last request: 235.565797 seconds.
  path: Assets/Resources/Sprites/StoneVertical.asset
  artifactKey: Guid(6401f8725659c2e43aacd31c0dd71120) Importer(815301076,1909f56bfc062723c751e8b465ee728b)
Start importing Assets/Resources/Sprites/StoneVertical.asset using Guid(6401f8725659c2e43aacd31c0dd71120) Importer(815301076,1909f56bfc062723c751e8b465ee728b)  -> (artifact id: '88c2fbbc2a7fc0e0c4712133fb03b07f') in 0.264587 seconds
  Import took 0.285096 seconds .

========================================================================
Received Prepare
Registering precompiled user dll's ...
Registered in 0.005652 seconds.
Begin MonoManager ReloadAssembly
Native extension for WindowsStandalone target not found
Native extension for WebGL target not found
Refreshing native plugins compatible for Editor in 0.64 ms, found 3 plugins.
Preloading 0 native plugins for Editor in 0.00 ms.
Mono: successfully reloaded assembly
- Completed reload, in  1.969 seconds
Platform modules already initialized, skipping
Refreshing native plugins compatible for Editor in 1.00 ms, found 3 plugins.
Preloading 0 native plugins for Editor in 0.00 ms.
Unloading 2075 Unused Serialized files (Serialized files now loaded: 0)
System memory in use before: 96.2 MB.
System memory in use after: 96.1 MB.

Unloading 21 unused Assets to reduce memory usage. Loaded Objects now: 2626.
Total: 3.621200 ms (FindLiveObjects: 0.274700 ms CreateObjectMapping: 0.120400 ms MarkObjects: 3.026900 ms  DeleteObjects: 0.196900 ms)

========================================================================
Received Prepare
Registering precompiled user dll's ...
Registered in 0.005708 seconds.
Begin MonoManager ReloadAssembly
Native extension for WindowsStandalone target not found
Native extension for WebGL target not found
Refreshing native plugins compatible for Editor in 0.62 ms, found 3 plugins.
Preloading 0 native plugins for Editor in 0.00 ms.
Mono: successfully reloaded assembly
- Completed reload, in  2.382 seconds
Platform modules already initialized, skipping
Refreshing native plugins compatible for Editor in 1.11 ms, found 3 plugins.
Preloading 0 native plugins for Editor in 0.00 ms.
Unloading 2075 Unused Serialized files (Serialized files now loaded: 0)
System memory in use before: 96.2 MB.
System memory in use after: 96.2 MB.

Unloading 21 unused Assets to reduce memory usage. Loaded Objects now: 2630.
Total: 2.977200 ms (FindLiveObjects: 0.245200 ms CreateObjectMapping: 0.102400 ms MarkObjects: 2.454100 ms  DeleteObjects: 0.171700 ms)

========================================================================
Received Prepare
Registering precompiled user dll's ...
Registered in 0.005187 seconds.
Begin MonoManager ReloadAssembly
Native extension for WindowsStandalone target not found
Native extension for WebGL target not found
Refreshing native plugins compatible for Editor in 0.60 ms, found 3 plugins.
Preloading 0 native plugins for Editor in 0.00 ms.
Mono: successfully reloaded assembly
- Completed reload, in  1.961 seconds
Platform modules already initialized, skipping
Refreshing native plugins compatible for Editor in 0.66 ms, found 3 plugins.
Preloading 0 native plugins for Editor in 0.00 ms.
Unloading 2075 Unused Serialized files (Serialized files now loaded: 0)
System memory in use before: 96.2 MB.
System memory in use after: 96.2 MB.

Unloading 21 unused Assets to reduce memory usage. Loaded Objects now: 2634.
Total: 3.023200 ms (FindLiveObjects: 0.229300 ms CreateObjectMapping: 0.103600 ms MarkObjects: 2.510000 ms  DeleteObjects: 0.178000 ms)

========================================================================
Received Prepare
Registering precompiled user dll's ...
Registered in 0.032514 seconds.
Begin MonoManager ReloadAssembly
Native extension for WindowsStandalone target not found
Native extension for WebGL target not found
Refreshing native plugins compatible for Editor in 6.72 ms, found 3 plugins.
Preloading 0 native plugins for Editor in 0.00 ms.
Mono: successfully reloaded assembly
- Completed reload, in  2.139 seconds
Platform modules already initialized, skipping
Refreshing native plugins compatible for Editor in 1.22 ms, found 3 plugins.
Preloading 0 native plugins for Editor in 0.00 ms.
Unloading 2075 Unused Serialized files (Serialized files now loaded: 0)
System memory in use before: 96.2 MB.
System memory in use after: 96.2 MB.

Unloading 21 unused Assets to reduce memory usage. Loaded Objects now: 2638.
Total: 3.492500 ms (FindLiveObjects: 0.334800 ms CreateObjectMapping: 0.183100 ms MarkObjects: 2.793400 ms  DeleteObjects: 0.179400 ms)

========================================================================
Received Import Request.
  Time since last request: 507.007135 seconds.
  path: Assets/Resources/Sprites/Enemy Base.png
  artifactKey: Guid(92932c968ae7e3d4b8a29105cf43255f) Importer(815301076,1909f56bfc062723c751e8b465ee728b)
Start importing Assets/Resources/Sprites/Enemy Base.png using Guid(92932c968ae7e3d4b8a29105cf43255f) Importer(815301076,1909f56bfc062723c751e8b465ee728b)  -> (artifact id: 'e40fb3d24df01a16373255b954bb12c4') in 0.201861 seconds
  Import took 0.210571 seconds .

========================================================================
Received Prepare
Registering precompiled user dll's ...
Registered in 0.005554 seconds.
Begin MonoManager ReloadAssembly
Native extension for WindowsStandalone target not found
Native extension for WebGL target not found
Refreshing native plugins compatible for Editor in 0.61 ms, found 3 plugins.
Preloading 0 native plugins for Editor in 0.00 ms.
Mono: successfully reloaded assembly
- Completed reload, in  1.831 seconds
Platform modules already initialized, skipping
Refreshing native plugins compatible for Editor in 0.72 ms, found 3 plugins.
Preloading 0 native plugins for Editor in 0.00 ms.
Unloading 2075 Unused Serialized files (Serialized files now loaded: 0)
System memory in use before: 96.2 MB.
System memory in use after: 96.2 MB.

Unloading 21 unused Assets to reduce memory usage. Loaded Objects now: 2643.
Total: 3.337600 ms (FindLiveObjects: 0.246000 ms CreateObjectMapping: 0.102000 ms MarkObjects: 2.710900 ms  DeleteObjects: 0.276500 ms)

========================================================================
Received Prepare
Registering precompiled user dll's ...
Registered in 0.005438 seconds.
Begin MonoManager ReloadAssembly
Native extension for WindowsStandalone target not found
Native extension for WebGL target not found
Refreshing native plugins compatible for Editor in 0.66 ms, found 3 plugins.
Preloading 0 native plugins for Editor in 0.00 ms.
Mono: successfully reloaded assembly
- Completed reload, in  1.923 seconds
Platform modules already initialized, skipping
Refreshing native plugins compatible for Editor in 1.07 ms, found 3 plugins.
Preloading 0 native plugins for Editor in 0.00 ms.
Unloading 2075 Unused Serialized files (Serialized files now loaded: 0)
System memory in use before: 96.2 MB.
System memory in use after: 96.2 MB.

Unloading 21 unused Assets to reduce memory usage. Loaded Objects now: 2647.
Total: 5.868900 ms (FindLiveObjects: 0.493500 ms CreateObjectMapping: 0.234600 ms MarkObjects: 4.874800 ms  DeleteObjects: 0.262900 ms)

========================================================================
Received Prepare
Registering precompiled user dll's ...
Registered in 0.005400 seconds.
Begin MonoManager ReloadAssembly
Native extension for WindowsStandalone target not found
Native extension for WebGL target not found
Refreshing native plugins compatible for Editor in 0.57 ms, found 3 plugins.
Preloading 0 native plugins for Editor in 0.00 ms.
Mono: successfully reloaded assembly
- Completed reload, in  1.931 seconds
Platform modules already initialized, skipping
Refreshing native plugins compatible for Editor in 1.01 ms, found 3 plugins.
Preloading 0 native plugins for Editor in 0.00 ms.
Unloading 2075 Unused Serialized files (Serialized files now loaded: 0)
System memory in use before: 96.2 MB.
System memory in use after: 96.2 MB.

Unloading 21 unused Assets to reduce memory usage. Loaded Objects now: 2651.
Total: 3.242000 ms (FindLiveObjects: 0.246100 ms CreateObjectMapping: 0.106700 ms MarkObjects: 2.712200 ms  DeleteObjects: 0.175000 ms)

========================================================================
Received Prepare
Registering precompiled user dll's ...
Registered in 0.007300 seconds.
Begin MonoManager ReloadAssembly
Native extension for WindowsStandalone target not found
Native extension for WebGL target not found
Refreshing native plugins compatible for Editor in 0.88 ms, found 3 plugins.
Preloading 0 native plugins for Editor in 0.00 ms.
Mono: successfully reloaded assembly
- Completed reload, in  2.131 seconds
Platform modules already initialized, skipping
Refreshing native plugins compatible for Editor in 1.35 ms, found 3 plugins.
Preloading 0 native plugins for Editor in 0.00 ms.
Unloading 2075 Unused Serialized files (Serialized files now loaded: 0)
System memory in use before: 96.2 MB.
System memory in use after: 96.2 MB.

Unloading 21 unused Assets to reduce memory usage. Loaded Objects now: 2655.
Total: 3.040400 ms (FindLiveObjects: 0.239000 ms CreateObjectMapping: 0.092400 ms MarkObjects: 2.530000 ms  DeleteObjects: 0.177200 ms)

========================================================================
Received Prepare
Registering precompiled user dll's ...
Registered in 0.006165 seconds.
Begin MonoManager ReloadAssembly
Native extension for WindowsStandalone target not found
Native extension for WebGL target not found
Refreshing native plugins compatible for Editor in 0.72 ms, found 3 plugins.
Preloading 0 native plugins for Editor in 0.00 ms.
Mono: successfully reloaded assembly
- Completed reload, in  1.993 seconds
Platform modules already initialized, skipping
Refreshing native plugins compatible for Editor in 0.98 ms, found 3 plugins.
Preloading 0 native plugins for Editor in 0.00 ms.
Unloading 2075 Unused Serialized files (Serialized files now loaded: 0)
System memory in use before: 96.2 MB.
System memory in use after: 96.2 MB.

Unloading 21 unused Assets to reduce memory usage. Loaded Objects now: 2659.
Total: 3.125700 ms (FindLiveObjects: 0.253900 ms CreateObjectMapping: 0.098200 ms MarkObjects: 2.583800 ms  DeleteObjects: 0.187600 ms)

========================================================================
Received Prepare
Registering precompiled user dll's ...
Registered in 0.006448 seconds.
Begin MonoManager ReloadAssembly
Native extension for WindowsStandalone target not found
Native extension for WebGL target not found
Refreshing native plugins compatible for Editor in 0.62 ms, found 3 plugins.
Preloading 0 native plugins for Editor in 0.00 ms.
Mono: successfully reloaded assembly
- Completed reload, in  2.052 seconds
Platform modules already initialized, skipping
Refreshing native plugins compatible for Editor in 0.98 ms, found 3 plugins.
Preloading 0 native plugins for Editor in 0.00 ms.
Unloading 2075 Unused Serialized files (Serialized files now loaded: 0)
System memory in use before: 96.3 MB.
System memory in use after: 96.2 MB.

Unloading 21 unused Assets to reduce memory usage. Loaded Objects now: 2663.
Total: 24.660700 ms (FindLiveObjects: 0.236500 ms CreateObjectMapping: 0.097700 ms MarkObjects: 2.535600 ms  DeleteObjects: 21.788900 ms)

========================================================================
Received Import Request.
  Time since last request: 4545.022004 seconds.
  path: Assets/Resources/Sprites/Player Base.png
  artifactKey: Guid(57d95da73079f7c4bbe41d610a25b687) Importer(815301076,1909f56bfc062723c751e8b465ee728b)
Start importing Assets/Resources/Sprites/Player Base.png using Guid(57d95da73079f7c4bbe41d610a25b687) Importer(815301076,1909f56bfc062723c751e8b465ee728b)  -> (artifact id: 'd37c5bbe272efa3c37a11506b2e829e2') in 0.163823 seconds
  Import took 0.179462 seconds .

========================================================================
Received Import Request.
  Time since last request: 8.905162 seconds.
  path: Assets/Resources/Sprites/Base.prefab
  artifactKey: Guid(eccaf4ad913bb29479fb32fc83e9cc7f) Importer(815301076,1909f56bfc062723c751e8b465ee728b)
Start importing Assets/Resources/Sprites/Base.prefab using Guid(eccaf4ad913bb29479fb32fc83e9cc7f) Importer(815301076,1909f56bfc062723c751e8b465ee728b)  -> (artifact id: 'b50f6bf45fc6af833deaf62d58ac876f') in 0.239033 seconds
  Import took 0.258391 seconds .

========================================================================
Received Prepare
Registering precompiled user dll's ...
Registered in 0.008348 seconds.
Begin MonoManager ReloadAssembly
Native extension for WindowsStandalone target not found
Native extension for WebGL target not found
Refreshing native plugins compatible for Editor in 0.61 ms, found 3 plugins.
Preloading 0 native plugins for Editor in 0.00 ms.
Mono: successfully reloaded assembly
- Completed reload, in  1.884 seconds
Platform modules already initialized, skipping
Refreshing native plugins compatible for Editor in 1.02 ms, found 3 plugins.
Preloading 0 native plugins for Editor in 0.00 ms.
Unloading 2075 Unused Serialized files (Serialized files now loaded: 0)
System memory in use before: 96.3 MB.
System memory in use after: 96.3 MB.

Unloading 21 unused Assets to reduce memory usage. Loaded Objects now: 2668.
Total: 3.167200 ms (FindLiveObjects: 0.229300 ms CreateObjectMapping: 0.093000 ms MarkObjects: 2.645400 ms  DeleteObjects: 0.197800 ms)

========================================================================
Received Prepare
Registering precompiled user dll's ...
Registered in 0.003886 seconds.
Begin MonoManager ReloadAssembly
Native extension for WindowsStandalone target not found
Native extension for WebGL target not found
Refreshing native plugins compatible for Editor in 0.61 ms, found 3 plugins.
Preloading 0 native plugins for Editor in 0.00 ms.
Mono: successfully reloaded assembly
- Completed reload, in  1.785 seconds
Platform modules already initialized, skipping
Refreshing native plugins compatible for Editor in 1.01 ms, found 3 plugins.
Preloading 0 native plugins for Editor in 0.00 ms.
Unloading 2075 Unused Serialized files (Serialized files now loaded: 0)
System memory in use before: 96.3 MB.
System memory in use after: 96.3 MB.

Unloading 21 unused Assets to reduce memory usage. Loaded Objects now: 2672.
Total: 2.952600 ms (FindLiveObjects: 0.230500 ms CreateObjectMapping: 0.094000 ms MarkObjects: 2.449600 ms  DeleteObjects: 0.176800 ms)

========================================================================
Received Import Request.
  Time since last request: 147.748022 seconds.
  path: Assets/Resources/Sprites/Base.prefab
  artifactKey: Guid(eccaf4ad913bb29479fb32fc83e9cc7f) Importer(815301076,1909f56bfc062723c751e8b465ee728b)
Start importing Assets/Resources/Sprites/Base.prefab using Guid(eccaf4ad913bb29479fb32fc83e9cc7f) Importer(815301076,1909f56bfc062723c751e8b465ee728b)  -> (artifact id: 'ab6168ffcb8968fafbc0e34f749ddc43') in 0.164084 seconds
  Import took 0.186095 seconds .

========================================================================
Received Import Request.
  Time since last request: 214.718045 seconds.
  path: Assets/Resources/MapPalette.prefab
  artifactKey: Guid(ee0f3e14fa26a304c8b807d7ab529319) Importer(815301076,1909f56bfc062723c751e8b465ee728b)
Start importing Assets/Resources/MapPalette.prefab using Guid(ee0f3e14fa26a304c8b807d7ab529319) Importer(815301076,1909f56bfc062723c751e8b465ee728b)  -> (artifact id: '95d71ef3a762f60b961aec2105b0ee4b') in 0.042545 seconds
  Import took 0.048637 seconds .

========================================================================
Received Prepare
Registering precompiled user dll's ...
Registered in 0.004150 seconds.
Begin MonoManager ReloadAssembly
Native extension for WindowsStandalone target not found
Native extension for WebGL target not found
Refreshing native plugins compatible for Editor in 0.78 ms, found 3 plugins.
Preloading 0 native plugins for Editor in 0.00 ms.
Mono: successfully reloaded assembly
- Completed reload, in  1.632 seconds
Platform modules already initialized, skipping
Refreshing native plugins compatible for Editor in 0.96 ms, found 3 plugins.
Preloading 0 native plugins for Editor in 0.00 ms.
Unloading 2075 Unused Serialized files (Serialized files now loaded: 0)
System memory in use before: 96.3 MB.
System memory in use after: 96.2 MB.

Unloading 21 unused Assets to reduce memory usage. Loaded Objects now: 2677.
Total: 3.032300 ms (FindLiveObjects: 0.252900 ms CreateObjectMapping: 0.099900 ms MarkObjects: 2.503500 ms  DeleteObjects: 0.174300 ms)

========================================================================
Received Import Request.
  Time since last request: 8.440668 seconds.
  path: Assets/Resources/Prefabs
  artifactKey: Guid(82b423d6abf8f7f48a0fb39c1ef4224c) Importer(815301076,1909f56bfc062723c751e8b465ee728b)
Start importing Assets/Resources/Prefabs using Guid(82b423d6abf8f7f48a0fb39c1ef4224c) Importer(815301076,1909f56bfc062723c751e8b465ee728b)  -> (artifact id: '9f2765fd251d7df692dd6dc129ad0a63') in 0.012264 seconds
  Import took 0.017081 seconds .

========================================================================
Received Import Request.
  Time since last request: 15.252006 seconds.
  path: Assets/Resources/Prefabs/Base.prefab
  artifactKey: Guid(eccaf4ad913bb29479fb32fc83e9cc7f) Importer(815301076,1909f56bfc062723c751e8b465ee728b)
Start importing Assets/Resources/Prefabs/Base.prefab using Guid(eccaf4ad913bb29479fb32fc83e9cc7f) Importer(815301076,1909f56bfc062723c751e8b465ee728b)  -> (artifact id: 'e2ffec0aa141285c8c047c27a86dffba') in 0.047081 seconds
  Import took 0.059804 seconds .

========================================================================
Received Prepare
Registering precompiled user dll's ...
Registered in 0.004706 seconds.
Begin MonoManager ReloadAssembly
Native extension for WindowsStandalone target not found
Native extension for WebGL target not found
Refreshing native plugins compatible for Editor in 0.72 ms, found 3 plugins.
Preloading 0 native plugins for Editor in 0.00 ms.
Mono: successfully reloaded assembly
- Completed reload, in  1.917 seconds
Platform modules already initialized, skipping
Refreshing native plugins compatible for Editor in 0.95 ms, found 3 plugins.
Preloading 0 native plugins for Editor in 0.00 ms.
Unloading 2075 Unused Serialized files (Serialized files now loaded: 0)
System memory in use before: 96.3 MB.
System memory in use after: 96.3 MB.

Unloading 21 unused Assets to reduce memory usage. Loaded Objects now: 2681.
Total: 3.164100 ms (FindLiveObjects: 0.287000 ms CreateObjectMapping: 0.102200 ms MarkObjects: 2.603500 ms  DeleteObjects: 0.169600 ms)

========================================================================
Received Prepare
Registering precompiled user dll's ...
Registered in 0.004090 seconds.
Begin MonoManager ReloadAssembly
Native extension for WindowsStandalone target not found
Native extension for WebGL target not found
Refreshing native plugins compatible for Editor in 0.62 ms, found 3 plugins.
Preloading 0 native plugins for Editor in 0.00 ms.
Mono: successfully reloaded assembly
- Completed reload, in  1.816 seconds
Platform modules already initialized, skipping
Refreshing native plugins compatible for Editor in 0.95 ms, found 3 plugins.
Preloading 0 native plugins for Editor in 0.00 ms.
Unloading 2075 Unused Serialized files (Serialized files now loaded: 0)
System memory in use before: 96.3 MB.
System memory in use after: 96.3 MB.

Unloading 21 unused Assets to reduce memory usage. Loaded Objects now: 2685.
Total: 2.926900 ms (FindLiveObjects: 0.235600 ms CreateObjectMapping: 0.100100 ms MarkObjects: 2.418100 ms  DeleteObjects: 0.171000 ms)

========================================================================
Received Prepare
Registering precompiled user dll's ...
Registered in 0.004339 seconds.
Begin MonoManager ReloadAssembly
Native extension for WindowsStandalone target not found
Native extension for WebGL target not found
Refreshing native plugins compatible for Editor in 0.62 ms, found 3 plugins.
Preloading 0 native plugins for Editor in 0.00 ms.
Mono: successfully reloaded assembly
- Completed reload, in  1.722 seconds
Platform modules already initialized, skipping
Refreshing native plugins compatible for Editor in 1.34 ms, found 3 plugins.
Preloading 0 native plugins for Editor in 0.00 ms.
Unloading 2075 Unused Serialized files (Serialized files now loaded: 0)
System memory in use before: 96.3 MB.
System memory in use after: 96.3 MB.

Unloading 21 unused Assets to reduce memory usage. Loaded Objects now: 2689.
Total: 3.809800 ms (FindLiveObjects: 0.258600 ms CreateObjectMapping: 0.099700 ms MarkObjects: 3.245700 ms  DeleteObjects: 0.203800 ms)

========================================================================
Received Prepare
Registering precompiled user dll's ...
Registered in 0.007395 seconds.
Begin MonoManager ReloadAssembly
Native extension for WindowsStandalone target not found
Native extension for WebGL target not found
Refreshing native plugins compatible for Editor in 0.77 ms, found 3 plugins.
Preloading 0 native plugins for Editor in 0.00 ms.
Mono: successfully reloaded assembly
- Completed reload, in  2.605 seconds
Platform modules already initialized, skipping
Refreshing native plugins compatible for Editor in 1.40 ms, found 3 plugins.
Preloading 0 native plugins for Editor in 0.00 ms.
Unloading 2075 Unused Serialized files (Serialized files now loaded: 0)
System memory in use before: 96.3 MB.
System memory in use after: 96.3 MB.

Unloading 21 unused Assets to reduce memory usage. Loaded Objects now: 2693.
Total: 6.544800 ms (FindLiveObjects: 0.716100 ms CreateObjectMapping: 0.307800 ms MarkObjects: 5.278100 ms  DeleteObjects: 0.239900 ms)

========================================================================
Received Import Request.
  Time since last request: 426.077532 seconds.
  path: Assets/Resources/Prefabs/Base.prefab
  artifactKey: Guid(eccaf4ad913bb29479fb32fc83e9cc7f) Importer(815301076,1909f56bfc062723c751e8b465ee728b)
Start importing Assets/Resources/Prefabs/Base.prefab using Guid(eccaf4ad913bb29479fb32fc83e9cc7f) Importer(815301076,1909f56bfc062723c751e8b465ee728b)  -> (artifact id: '3537e2c81a2c9c1574fe2588d6d85e4a') in 0.133112 seconds
  Import took 0.139931 seconds .

========================================================================
Received Prepare
Registering precompiled user dll's ...
Registered in 0.010016 seconds.
Begin MonoManager ReloadAssembly
Native extension for WindowsStandalone target not found
Native extension for WebGL target not found
Refreshing native plugins compatible for Editor in 0.64 ms, found 3 plugins.
Preloading 0 native plugins for Editor in 0.00 ms.
Mono: successfully reloaded assembly
- Completed reload, in  2.387 seconds
Platform modules already initialized, skipping
Refreshing native plugins compatible for Editor in 0.97 ms, found 3 plugins.
Preloading 0 native plugins for Editor in 0.00 ms.
Unloading 2075 Unused Serialized files (Serialized files now loaded: 0)
System memory in use before: 96.3 MB.
System memory in use after: 96.3 MB.

Unloading 21 unused Assets to reduce memory usage. Loaded Objects now: 2698.
Total: 2.905200 ms (FindLiveObjects: 0.236100 ms CreateObjectMapping: 0.098300 ms MarkObjects: 2.396200 ms  DeleteObjects: 0.172700 ms)

========================================================================
Received Prepare
Registering precompiled user dll's ...
Registered in 0.005177 seconds.
Begin MonoManager ReloadAssembly
Native extension for WindowsStandalone target not found
Native extension for WebGL target not found
Refreshing native plugins compatible for Editor in 0.64 ms, found 3 plugins.
Preloading 0 native plugins for Editor in 0.00 ms.
Mono: successfully reloaded assembly
- Completed reload, in  1.970 seconds
Platform modules already initialized, skipping
Refreshing native plugins compatible for Editor in 1.05 ms, found 3 plugins.
Preloading 0 native plugins for Editor in 0.00 ms.
Unloading 2075 Unused Serialized files (Serialized files now loaded: 0)
System memory in use before: 96.3 MB.
System memory in use after: 96.3 MB.

Unloading 21 unused Assets to reduce memory usage. Loaded Objects now: 2702.
Total: 3.396600 ms (FindLiveObjects: 0.321900 ms CreateObjectMapping: 0.204600 ms MarkObjects: 2.692700 ms  DeleteObjects: 0.175800 ms)

========================================================================
Received Prepare
Registering precompiled user dll's ...
Registered in 0.005106 seconds.
Begin MonoManager ReloadAssembly
Native extension for WindowsStandalone target not found
Native extension for WebGL target not found
Refreshing native plugins compatible for Editor in 0.67 ms, found 3 plugins.
Preloading 0 native plugins for Editor in 0.00 ms.
Mono: successfully reloaded assembly
- Completed reload, in  2.216 seconds
Platform modules already initialized, skipping
Refreshing native plugins compatible for Editor in 1.05 ms, found 3 plugins.
Preloading 0 native plugins for Editor in 0.00 ms.
Unloading 2075 Unused Serialized files (Serialized files now loaded: 0)
System memory in use before: 96.3 MB.
System memory in use after: 96.3 MB.

Unloading 21 unused Assets to reduce memory usage. Loaded Objects now: 2706.
Total: 3.841000 ms (FindLiveObjects: 0.297400 ms CreateObjectMapping: 0.116400 ms MarkObjects: 3.253500 ms  DeleteObjects: 0.171700 ms)

========================================================================
Received Prepare
Registering precompiled user dll's ...
Registered in 0.005472 seconds.
Begin MonoManager ReloadAssembly
Native extension for WindowsStandalone target not found
Native extension for WebGL target not found
Refreshing native plugins compatible for Editor in 0.63 ms, found 3 plugins.
Preloading 0 native plugins for Editor in 0.00 ms.
Mono: successfully reloaded assembly
- Completed reload, in  1.722 seconds
Platform modules already initialized, skipping
Refreshing native plugins compatible for Editor in 0.96 ms, found 3 plugins.
Preloading 0 native plugins for Editor in 0.00 ms.
Unloading 2075 Unused Serialized files (Serialized files now loaded: 0)
System memory in use before: 96.4 MB.
System memory in use after: 96.4 MB.

Unloading 21 unused Assets to reduce memory usage. Loaded Objects now: 2710.
Total: 2.945300 ms (FindLiveObjects: 0.257800 ms CreateObjectMapping: 0.100500 ms MarkObjects: 2.411700 ms  DeleteObjects: 0.173500 ms)

========================================================================
Received Prepare
Registering precompiled user dll's ...
Registered in 0.005424 seconds.
Begin MonoManager ReloadAssembly
Native extension for WindowsStandalone target not found
Native extension for WebGL target not found
Refreshing native plugins compatible for Editor in 0.61 ms, found 3 plugins.
Preloading 0 native plugins for Editor in 0.00 ms.
Mono: successfully reloaded assembly
- Completed reload, in  1.629 seconds
Platform modules already initialized, skipping
Refreshing native plugins compatible for Editor in 1.09 ms, found 3 plugins.
Preloading 0 native plugins for Editor in 0.00 ms.
Unloading 2075 Unused Serialized files (Serialized files now loaded: 0)
System memory in use before: 96.4 MB.
System memory in use after: 96.4 MB.

Unloading 21 unused Assets to reduce memory usage. Loaded Objects now: 2714.
Total: 2.936100 ms (FindLiveObjects: 0.262200 ms CreateObjectMapping: 0.099800 ms MarkObjects: 2.397500 ms  DeleteObjects: 0.174900 ms)

========================================================================
Received Prepare
Registering precompiled user dll's ...
Registered in 0.004847 seconds.
Begin MonoManager ReloadAssembly
Native extension for WindowsStandalone target not found
Native extension for WebGL target not found
Refreshing native plugins compatible for Editor in 0.71 ms, found 3 plugins.
Preloading 0 native plugins for Editor in 0.00 ms.
Mono: successfully reloaded assembly
- Completed reload, in  1.677 seconds
Platform modules already initialized, skipping
Refreshing native plugins compatible for Editor in 1.03 ms, found 3 plugins.
Preloading 0 native plugins for Editor in 0.00 ms.
Unloading 2075 Unused Serialized files (Serialized files now loaded: 0)
System memory in use before: 96.5 MB.
System memory in use after: 96.5 MB.

Unloading 21 unused Assets to reduce memory usage. Loaded Objects now: 2718.
Total: 3.398300 ms (FindLiveObjects: 0.266800 ms CreateObjectMapping: 0.116700 ms MarkObjects: 2.842200 ms  DeleteObjects: 0.170800 ms)

========================================================================
Received Prepare
Registering precompiled user dll's ...
Registered in 0.004194 seconds.
Begin MonoManager ReloadAssembly
Native extension for WindowsStandalone target not found
Native extension for WebGL target not found
Refreshing native plugins compatible for Editor in 0.62 ms, found 3 plugins.
Preloading 0 native plugins for Editor in 0.00 ms.
Mono: successfully reloaded assembly
- Completed reload, in  1.650 seconds
Platform modules already initialized, skipping
Refreshing native plugins compatible for Editor in 0.98 ms, found 3 plugins.
Preloading 0 native plugins for Editor in 0.00 ms.
Unloading 2075 Unused Serialized files (Serialized files now loaded: 0)
System memory in use before: 96.5 MB.
System memory in use after: 96.5 MB.

Unloading 21 unused Assets to reduce memory usage. Loaded Objects now: 2722.
Total: 3.163500 ms (FindLiveObjects: 0.252100 ms CreateObjectMapping: 0.103700 ms MarkObjects: 2.631200 ms  DeleteObjects: 0.175000 ms)

========================================================================
Received Prepare
Registering precompiled user dll's ...
Registered in 0.020298 seconds.
Begin MonoManager ReloadAssembly
Native extension for WindowsStandalone target not found
Native extension for WebGL target not found
Refreshing native plugins compatible for Editor in 0.62 ms, found 3 plugins.
Preloading 0 native plugins for Editor in 0.00 ms.
Mono: successfully reloaded assembly
- Completed reload, in  1.742 seconds
Platform modules already initialized, skipping
Refreshing native plugins compatible for Editor in 1.05 ms, found 3 plugins.
Preloading 0 native plugins for Editor in 0.00 ms.
Unloading 2075 Unused Serialized files (Serialized files now loaded: 0)
System memory in use before: 96.5 MB.
System memory in use after: 96.5 MB.

Unloading 21 unused Assets to reduce memory usage. Loaded Objects now: 2726.
Total: 4.996100 ms (FindLiveObjects: 0.495400 ms CreateObjectMapping: 0.164100 ms MarkObjects: 4.092000 ms  DeleteObjects: 0.241700 ms)

========================================================================
Received Prepare
Registering precompiled user dll's ...
Registered in 0.004042 seconds.
Begin MonoManager ReloadAssembly
Native extension for WindowsStandalone target not found
Native extension for WebGL target not found
Refreshing native plugins compatible for Editor in 0.63 ms, found 3 plugins.
Preloading 0 native plugins for Editor in 0.00 ms.
Mono: successfully reloaded assembly
- Completed reload, in  2.030 seconds
Platform modules already initialized, skipping
Refreshing native plugins compatible for Editor in 1.00 ms, found 3 plugins.
Preloading 0 native plugins for Editor in 0.00 ms.
Unloading 2075 Unused Serialized files (Serialized files now loaded: 0)
System memory in use before: 96.5 MB.
System memory in use after: 96.6 MB.

Unloading 21 unused Assets to reduce memory usage. Loaded Objects now: 2730.
Total: 3.542600 ms (FindLiveObjects: 0.349400 ms CreateObjectMapping: 0.244100 ms MarkObjects: 2.772900 ms  DeleteObjects: 0.174400 ms)

========================================================================
Received Prepare
Registering precompiled user dll's ...
Registered in 0.006475 seconds.
Begin MonoManager ReloadAssembly
Native extension for WindowsStandalone target not found
Native extension for WebGL target not found
Refreshing native plugins compatible for Editor in 0.61 ms, found 3 plugins.
Preloading 0 native plugins for Editor in 0.00 ms.
Mono: successfully reloaded assembly
- Completed reload, in  1.754 seconds
Platform modules already initialized, skipping
Refreshing native plugins compatible for Editor in 1.01 ms, found 3 plugins.
Preloading 0 native plugins for Editor in 0.00 ms.
Unloading 2075 Unused Serialized files (Serialized files now loaded: 0)
System memory in use before: 96.5 MB.
System memory in use after: 96.6 MB.

Unloading 21 unused Assets to reduce memory usage. Loaded Objects now: 2734.
Total: 3.643900 ms (FindLiveObjects: 0.395500 ms CreateObjectMapping: 0.233000 ms MarkObjects: 2.828700 ms  DeleteObjects: 0.185100 ms)

========================================================================
Received Prepare
Registering precompiled user dll's ...
Registered in 0.010872 seconds.
Begin MonoManager ReloadAssembly
Native extension for WindowsStandalone target not found
Native extension for WebGL target not found
Refreshing native plugins compatible for Editor in 0.62 ms, found 3 plugins.
Preloading 0 native plugins for Editor in 0.00 ms.
Mono: successfully reloaded assembly
- Completed reload, in  1.688 seconds
Platform modules already initialized, skipping
Refreshing native plugins compatible for Editor in 0.97 ms, found 3 plugins.
Preloading 0 native plugins for Editor in 0.00 ms.
Unloading 2075 Unused Serialized files (Serialized files now loaded: 0)
System memory in use before: 96.5 MB.
System memory in use after: 96.6 MB.

Unloading 21 unused Assets to reduce memory usage. Loaded Objects now: 2738.
Total: 3.548200 ms (FindLiveObjects: 0.369600 ms CreateObjectMapping: 0.248800 ms MarkObjects: 2.757700 ms  DeleteObjects: 0.170700 ms)

========================================================================
Received Prepare
Registering precompiled user dll's ...
Registered in 0.003826 seconds.
Begin MonoManager ReloadAssembly
Native extension for WindowsStandalone target not found
Native extension for WebGL target not found
Refreshing native plugins compatible for Editor in 0.61 ms, found 3 plugins.
Preloading 0 native plugins for Editor in 0.00 ms.
Mono: successfully reloaded assembly
- Completed reload, in  1.783 seconds
Platform modules already initialized, skipping
Refreshing native plugins compatible for Editor in 1.00 ms, found 3 plugins.
Preloading 0 native plugins for Editor in 0.00 ms.
Unloading 2075 Unused Serialized files (Serialized files now loaded: 0)
System memory in use before: 96.5 MB.
System memory in use after: 96.6 MB.

Unloading 21 unused Assets to reduce memory usage. Loaded Objects now: 2742.
Total: 3.595300 ms (FindLiveObjects: 0.453700 ms CreateObjectMapping: 0.229300 ms MarkObjects: 2.735900 ms  DeleteObjects: 0.174500 ms)

========================================================================
Received Prepare
Registering precompiled user dll's ...
Registered in 0.011153 seconds.
Begin MonoManager ReloadAssembly
Native extension for WindowsStandalone target not found
Native extension for WebGL target not found
Refreshing native plugins compatible for Editor in 0.63 ms, found 3 plugins.
Preloading 0 native plugins for Editor in 0.00 ms.
Mono: successfully reloaded assembly
- Completed reload, in  1.706 seconds
Platform modules already initialized, skipping
Refreshing native plugins compatible for Editor in 1.03 ms, found 3 plugins.
Preloading 0 native plugins for Editor in 0.00 ms.
Unloading 2075 Unused Serialized files (Serialized files now loaded: 0)
System memory in use before: 96.5 MB.
System memory in use after: 96.6 MB.

Unloading 21 unused Assets to reduce memory usage. Loaded Objects now: 2746.
Total: 3.045900 ms (FindLiveObjects: 0.275300 ms CreateObjectMapping: 0.110000 ms MarkObjects: 2.483100 ms  DeleteObjects: 0.175700 ms)

========================================================================
Received Import Request.
  Time since last request: 2956.681207 seconds.
  path: Assets/Resources/Prefabs/Base.prefab
  artifactKey: Guid(eccaf4ad913bb29479fb32fc83e9cc7f) Importer(815301076,1909f56bfc062723c751e8b465ee728b)
Start importing Assets/Resources/Prefabs/Base.prefab using Guid(eccaf4ad913bb29479fb32fc83e9cc7f) Importer(815301076,1909f56bfc062723c751e8b465ee728b)  -> (artifact id: '3e9897281fed2f1910570bbe66a36636') in 0.134056 seconds
  Import took 0.152943 seconds .

========================================================================
Received Import Request.
  Time since last request: 5.391386 seconds.
  path: Assets/Resources/Prefabs/Base.prefab
  artifactKey: Guid(eccaf4ad913bb29479fb32fc83e9cc7f) Importer(815301076,1909f56bfc062723c751e8b465ee728b)
Start importing Assets/Resources/Prefabs/Base.prefab using Guid(eccaf4ad913bb29479fb32fc83e9cc7f) Importer(815301076,1909f56bfc062723c751e8b465ee728b)  -> (artifact id: '05ae8e525e6d916c579fd1d5110fd782') in 0.030481 seconds
  Import took 0.037761 seconds .

========================================================================
Received Import Request.
  Time since last request: 2.834834 seconds.
  path: Assets/Resources/Prefabs/Base.prefab
  artifactKey: Guid(eccaf4ad913bb29479fb32fc83e9cc7f) Importer(815301076,1909f56bfc062723c751e8b465ee728b)
Start importing Assets/Resources/Prefabs/Base.prefab using Guid(eccaf4ad913bb29479fb32fc83e9cc7f) Importer(815301076,1909f56bfc062723c751e8b465ee728b)  -> (artifact id: '76dfd783a093ec1bbf7ed87b12bd2a7a') in 0.032593 seconds
  Import took 0.049925 seconds .

========================================================================
Received Prepare
Registering precompiled user dll's ...
Registered in 0.004027 seconds.
Begin MonoManager ReloadAssembly
Native extension for WindowsStandalone target not found
Native extension for WebGL target not found
Refreshing native plugins compatible for Editor in 0.62 ms, found 3 plugins.
Preloading 0 native plugins for Editor in 0.00 ms.
Mono: successfully reloaded assembly
- Completed reload, in  2.126 seconds
Platform modules already initialized, skipping
Refreshing native plugins compatible for Editor in 1.01 ms, found 3 plugins.
Preloading 0 native plugins for Editor in 0.00 ms.
Unloading 2076 Unused Serialized files (Serialized files now loaded: 0)
System memory in use before: 96.5 MB.
System memory in use after: 96.6 MB.

Unloading 21 unused Assets to reduce memory usage. Loaded Objects now: 2752.
Total: 3.383700 ms (FindLiveObjects: 0.262300 ms CreateObjectMapping: 0.143700 ms MarkObjects: 2.797600 ms  DeleteObjects: 0.178400 ms)

========================================================================
Received Import Request.
  Time since last request: 22.254354 seconds.
  path: Assets/Resources/Prefabs/Base.prefab
  artifactKey: Guid(eccaf4ad913bb29479fb32fc83e9cc7f) Importer(815301076,1909f56bfc062723c751e8b465ee728b)
Start importing Assets/Resources/Prefabs/Base.prefab using Guid(eccaf4ad913bb29479fb32fc83e9cc7f) Importer(815301076,1909f56bfc062723c751e8b465ee728b)  -> (artifact id: 'f8f105f902a07b0a70a753211bef264d') in 0.169375 seconds
  Import took 0.175129 seconds .

========================================================================
Received Prepare
Registering precompiled user dll's ...
Registered in 0.007599 seconds.
Begin MonoManager ReloadAssembly
Native extension for WindowsStandalone target not found
Native extension for WebGL target not found
Refreshing native plugins compatible for Editor in 0.75 ms, found 3 plugins.
Preloading 0 native plugins for Editor in 0.00 ms.
Mono: successfully reloaded assembly
- Completed reload, in  2.157 seconds
Platform modules already initialized, skipping
Refreshing native plugins compatible for Editor in 1.00 ms, found 3 plugins.
Preloading 0 native plugins for Editor in 0.00 ms.
Unloading 2076 Unused Serialized files (Serialized files now loaded: 0)
System memory in use before: 96.6 MB.
System memory in use after: 96.6 MB.

Unloading 21 unused Assets to reduce memory usage. Loaded Objects now: 2757.
Total: 3.683700 ms (FindLiveObjects: 0.480000 ms CreateObjectMapping: 0.234500 ms MarkObjects: 2.788400 ms  DeleteObjects: 0.179100 ms)

========================================================================
Received Prepare
Registering precompiled user dll's ...
Registered in 0.185459 seconds.
Begin MonoManager ReloadAssembly
Native extension for WindowsStandalone target not found
Native extension for WebGL target not found
Refreshing native plugins compatible for Editor in 0.59 ms, found 3 plugins.
Preloading 0 native plugins for Editor in 0.00 ms.
Mono: successfully reloaded assembly
- Completed reload, in  2.401 seconds
Platform modules already initialized, skipping
Refreshing native plugins compatible for Editor in 1.05 ms, found 3 plugins.
Preloading 0 native plugins for Editor in 0.00 ms.
Unloading 2076 Unused Serialized files (Serialized files now loaded: 0)
System memory in use before: 96.6 MB.
System memory in use after: 96.6 MB.

Unloading 21 unused Assets to reduce memory usage. Loaded Objects now: 2761.
Total: 3.838500 ms (FindLiveObjects: 0.372900 ms CreateObjectMapping: 0.225600 ms MarkObjects: 3.064400 ms  DeleteObjects: 0.173300 ms)

========================================================================
Received Prepare
Registering precompiled user dll's ...
Registered in 0.023015 seconds.
Begin MonoManager ReloadAssembly
Native extension for WindowsStandalone target not found
Native extension for WebGL target not found
Refreshing native plugins compatible for Editor in 1.02 ms, found 3 plugins.
Preloading 0 native plugins for Editor in 0.00 ms.
Mono: successfully reloaded assembly
- Completed reload, in  2.537 seconds
Platform modules already initialized, skipping
Refreshing native plugins compatible for Editor in 1.05 ms, found 3 plugins.
Preloading 0 native plugins for Editor in 0.00 ms.
Unloading 2076 Unused Serialized files (Serialized files now loaded: 0)
System memory in use before: 96.6 MB.
System memory in use after: 96.6 MB.

Unloading 21 unused Assets to reduce memory usage. Loaded Objects now: 2765.
Total: 7.051600 ms (FindLiveObjects: 0.569900 ms CreateObjectMapping: 0.301000 ms MarkObjects: 5.832100 ms  DeleteObjects: 0.345500 ms)

========================================================================
Received Prepare
Registering precompiled user dll's ...
Registered in 0.007601 seconds.
Begin MonoManager ReloadAssembly
Native extension for WindowsStandalone target not found
Native extension for WebGL target not found
Refreshing native plugins compatible for Editor in 0.85 ms, found 3 plugins.
Preloading 0 native plugins for Editor in 0.00 ms.
Mono: successfully reloaded assembly
- Completed reload, in  1.863 seconds
Platform modules already initialized, skipping
Refreshing native plugins compatible for Editor in 0.98 ms, found 3 plugins.
Preloading 0 native plugins for Editor in 0.00 ms.
Unloading 2076 Unused Serialized files (Serialized files now loaded: 0)
System memory in use before: 96.6 MB.
System memory in use after: 96.6 MB.

Unloading 21 unused Assets to reduce memory usage. Loaded Objects now: 2769.
Total: 3.781300 ms (FindLiveObjects: 0.271500 ms CreateObjectMapping: 0.111100 ms MarkObjects: 3.175000 ms  DeleteObjects: 0.221700 ms)

========================================================================
Received Prepare
Registering precompiled user dll's ...
Registered in 0.004641 seconds.
Begin MonoManager ReloadAssembly
Native extension for WindowsStandalone target not found
Native extension for WebGL target not found
Refreshing native plugins compatible for Editor in 0.61 ms, found 3 plugins.
Preloading 0 native plugins for Editor in 0.00 ms.
Mono: successfully reloaded assembly
- Completed reload, in  1.865 seconds
Platform modules already initialized, skipping
Refreshing native plugins compatible for Editor in 0.95 ms, found 3 plugins.
Preloading 0 native plugins for Editor in 0.00 ms.
Unloading 2076 Unused Serialized files (Serialized files now loaded: 0)
System memory in use before: 96.6 MB.
System memory in use after: 96.7 MB.

Unloading 21 unused Assets to reduce memory usage. Loaded Objects now: 2773.
Total: 3.167300 ms (FindLiveObjects: 0.302400 ms CreateObjectMapping: 0.111200 ms MarkObjects: 2.571400 ms  DeleteObjects: 0.180100 ms)

========================================================================
Received Prepare
Registering precompiled user dll's ...
Registered in 0.007713 seconds.
Begin MonoManager ReloadAssembly
Native extension for WindowsStandalone target not found
Native extension for WebGL target not found
Refreshing native plugins compatible for Editor in 1.00 ms, found 3 plugins.
Preloading 0 native plugins for Editor in 0.00 ms.
Mono: successfully reloaded assembly
- Completed reload, in  2.659 seconds
Platform modules already initialized, skipping
Refreshing native plugins compatible for Editor in 3.92 ms, found 3 plugins.
Preloading 0 native plugins for Editor in 0.00 ms.
Unloading 2076 Unused Serialized files (Serialized files now loaded: 0)
System memory in use before: 96.6 MB.
System memory in use after: 96.7 MB.

Unloading 21 unused Assets to reduce memory usage. Loaded Objects now: 2777.
Total: 5.309100 ms (FindLiveObjects: 0.567100 ms CreateObjectMapping: 0.246700 ms MarkObjects: 4.118100 ms  DeleteObjects: 0.374800 ms)

========================================================================
Received Prepare
Registering precompiled user dll's ...
Registered in 0.006625 seconds.
Begin MonoManager ReloadAssembly
Native extension for WindowsStandalone target not found
Native extension for WebGL target not found
Refreshing native plugins compatible for Editor in 1.12 ms, found 3 plugins.
Preloading 0 native plugins for Editor in 0.00 ms.
Mono: successfully reloaded assembly
- Completed reload, in  2.594 seconds
Platform modules already initialized, skipping
Refreshing native plugins compatible for Editor in 1.01 ms, found 3 plugins.
Preloading 0 native plugins for Editor in 0.00 ms.
Unloading 2076 Unused Serialized files (Serialized files now loaded: 0)
System memory in use before: 96.6 MB.
System memory in use after: 96.7 MB.

Unloading 21 unused Assets to reduce memory usage. Loaded Objects now: 2781.
Total: 4.046100 ms (FindLiveObjects: 0.571200 ms CreateObjectMapping: 0.251500 ms MarkObjects: 2.990800 ms  DeleteObjects: 0.230500 ms)

========================================================================
Received Prepare
Registering precompiled user dll's ...
Registered in 0.004128 seconds.
Begin MonoManager ReloadAssembly
Native extension for WindowsStandalone target not found
Native extension for WebGL target not found
Refreshing native plugins compatible for Editor in 0.63 ms, found 3 plugins.
Preloading 0 native plugins for Editor in 0.00 ms.
Mono: successfully reloaded assembly
- Completed reload, in  2.226 seconds
Platform modules already initialized, skipping
Refreshing native plugins compatible for Editor in 0.98 ms, found 3 plugins.
Preloading 0 native plugins for Editor in 0.00 ms.
Unloading 2076 Unused Serialized files (Serialized files now loaded: 0)
System memory in use before: 96.6 MB.
System memory in use after: 96.7 MB.

Unloading 21 unused Assets to reduce memory usage. Loaded Objects now: 2785.
Total: 3.915700 ms (FindLiveObjects: 0.352800 ms CreateObjectMapping: 0.237700 ms MarkObjects: 3.076800 ms  DeleteObjects: 0.246200 ms)

========================================================================
Received Prepare
Registering precompiled user dll's ...
Registered in 0.004762 seconds.
Begin MonoManager ReloadAssembly
Native extension for WindowsStandalone target not found
Native extension for WebGL target not found
Refreshing native plugins compatible for Editor in 0.64 ms, found 3 plugins.
Preloading 0 native plugins for Editor in 0.00 ms.
Mono: successfully reloaded assembly
- Completed reload, in  2.637 seconds
Platform modules already initialized, skipping
Refreshing native plugins compatible for Editor in 1.31 ms, found 3 plugins.
Preloading 0 native plugins for Editor in 0.00 ms.
Unloading 2076 Unused Serialized files (Serialized files now loaded: 0)
System memory in use before: 96.6 MB.
System memory in use after: 96.7 MB.

Unloading 21 unused Assets to reduce memory usage. Loaded Objects now: 2789.
Total: 6.787700 ms (FindLiveObjects: 0.642900 ms CreateObjectMapping: 0.253000 ms MarkObjects: 5.542500 ms  DeleteObjects: 0.345700 ms)

========================================================================
Received Import Request.
  Time since last request: 974.374698 seconds.
  path: Assets/Scripts/SpawnMap.cs
  artifactKey: Guid(bc10869ea8c81b34889af0064bb3bebb) Importer(815301076,1909f56bfc062723c751e8b465ee728b)
Start importing Assets/Scripts/SpawnMap.cs using Guid(bc10869ea8c81b34889af0064bb3bebb) Importer(815301076,1909f56bfc062723c751e8b465ee728b)  -> (artifact id: '08f970418018da273efb5bdab4589e87') in 0.191084 seconds
  Import took 0.211389 seconds .

========================================================================
Received Prepare
Registering precompiled user dll's ...
Registered in 0.004325 seconds.
Begin MonoManager ReloadAssembly
Native extension for WindowsStandalone target not found
Native extension for WebGL target not found
Refreshing native plugins compatible for Editor in 0.64 ms, found 3 plugins.
Preloading 0 native plugins for Editor in 0.00 ms.
Mono: successfully reloaded assembly
- Completed reload, in  1.739 seconds
Platform modules already initialized, skipping
Refreshing native plugins compatible for Editor in 0.81 ms, found 3 plugins.
Preloading 0 native plugins for Editor in 0.00 ms.
Unloading 2076 Unused Serialized files (Serialized files now loaded: 0)
System memory in use before: 96.6 MB.
System memory in use after: 96.7 MB.

Unloading 21 unused Assets to reduce memory usage. Loaded Objects now: 2793.
Total: 3.602900 ms (FindLiveObjects: 0.367300 ms CreateObjectMapping: 0.229000 ms MarkObjects: 2.831000 ms  DeleteObjects: 0.173900 ms)

========================================================================
Received Import Request.
  Time since last request: 97.421343 seconds.
  path: Assets/Scripts/SpawnMap.cs
  artifactKey: Guid(bc10869ea8c81b34889af0064bb3bebb) Importer(815301076,1909f56bfc062723c751e8b465ee728b)
Start importing Assets/Scripts/SpawnMap.cs using Guid(bc10869ea8c81b34889af0064bb3bebb) Importer(815301076,1909f56bfc062723c751e8b465ee728b)  -> (artifact id: 'e71d2d6603ed664b82292ba0367f0d14') in 0.006132 seconds
  Import took 0.010286 seconds .

AssetImportWorkerClient::OnTransportError - code=2 error=End of file
